2024-03-14 10:13:34,028 INFO Main [main] Starting
2024-03-14 10:14:23,074 INFO Main [main] Starting
2024-03-14 10:14:24,466 INFO Main [main] Starting
2024-03-14 10:22:33,085 INFO Main [main] Starting
2024-03-14 10:22:42,702 INFO Main [main] Starting
2024-03-14 10:25:25,364 INFO Main [main] Starting
2024-03-14 10:26:58,310 INFO Main [main] Starting
2024-03-14 10:29:35,075 INFO Main [main] Starting
2024-03-14 10:30:02,723 INFO Main [main] Starting
2024-03-14 10:30:15,019 INFO Main [main] Starting
2024-03-14 10:31:44,967 INFO Main [main] Starting
2024-03-14 10:32:28,095 INFO Main [main] Starting
2024-03-14 10:32:33,468 INFO Main [main] Starting
2024-03-14 10:33:13,936 INFO Main [main] Starting
2024-03-14 10:33:21,430 INFO Main [main] Starting
2024-03-14 10:38:00,772 INFO Main [main] Starting
2024-03-14 10:38:47,433 INFO Main [main] Starting
2024-03-14 10:40:30,617 INFO Main [main] Starting
2024-03-14 10:41:22,759 INFO Main [main] Starting
2024-03-14 10:56:41,946 INFO Main [main] Starting
2024-03-14 10:58:06,283 INFO Main [main] Starting
2024-03-14 11:00:55,204 INFO Main [main] Starting
2024-03-14 11:01:01,733 INFO Main [main] Starting
2024-03-14 11:02:14,028 INFO Main [main] Starting
2024-03-14 11:02:51,684 INFO Main [main] Starting
2024-03-14 11:07:20,206 INFO Main [main] Starting
2024-03-14 11:08:00,551 INFO Main [main] Starting
2024-03-14 11:08:58,602 INFO Main [main] Starting
2024-03-14 11:09:56,764 INFO Main [main] Starting
2024-03-14 11:10:59,491 INFO Main [main] Starting
2024-03-14 11:26:18,241 INFO Main [main] Starting
2024-03-14 11:27:33,280 INFO Main [main] Starting
2024-03-14 11:28:18,727 INFO Main [main] Starting
2024-03-14 11:29:02,876 INFO Main [main] Starting
2024-03-14 13:43:29,485 INFO Main [main] Starting
2024-03-14 13:56:28,563 INFO Main [main] Starting
2024-03-14 13:56:30,534 INFO Main [main] Starting
2024-03-14 13:58:13,664 INFO Main [main] Starting
2024-03-14 13:58:14,050 ERROR DatabaseManager [main] Access denied for user 'root'@'localhost' (using password: YES)
2024-03-14 14:01:09,599 INFO Main [main] Starting
2024-03-14 14:01:28,274 INFO DatabaseManager [main] INSERT INTO members(first_name, last_name, personal_number, member_id, maxNumOfBooks, currentNumOfBooks) VALUES(?,?,?,?,?,?)
2024-03-14 14:01:28,294 ERROR DatabaseManager [main] Member was not added properly!. Member id=4669, ExMsg=[Ljava.lang.StackTraceElement;@7c2b6087
2024-03-14 14:03:05,164 INFO Main [main] Starting
2024-03-14 14:03:07,162 INFO Main [main] Starting
2024-03-14 14:03:22,506 INFO DatabaseManager [main] INSERT INTO members(first_name, last_name, personal_number, member_id, maxNumOfBooks, currentNumOfBooks) VALUES(?,?,?,?,?,?)
2024-03-14 14:03:22,519 ERROR DatabaseManager [main] Member was not added properly!. Member id=3510, ExMsg=[Ljava.lang.StackTraceElement;@7c2b6087
2024-03-14 14:05:57,084 INFO Main [main] Starting
2024-03-14 14:06:12,771 INFO DatabaseManager [main] com.mysql.cj.jdbc.ClientPreparedStatement: INSERT INTO members(first_name, last_name, personal_number, member_id, maxNumOfBooks, currentNumOfBooks) VALUES('ben','bro',9970089898,4476,10,0)
2024-03-14 14:06:12,783 ERROR DatabaseManager [main] Member was not added properly!. Member id=4476, ExMsg=[Ljava.lang.StackTraceElement;@7c2b6087
2024-03-14 14:37:09,502 INFO Main [main] Starting
2024-03-14 14:37:20,448 INFO DatabaseManager [main] com.mysql.cj.jdbc.ClientPreparedStatement: INSERT INTO members(first_name, last_name, personal_number, member_id, maxNumOfBooks, currentNumOfBooks) VALUES('ben','bro',9910082022,3771,7,0)
2024-03-14 14:37:20,452 INFO DatabaseManager [main] Registered member correctly
2024-03-14 14:37:36,583 INFO DatabaseManager [main] com.mysql.cj.jdbc.ClientPreparedStatement: INSERT INTO members(first_name, last_name, personal_number, member_id, maxNumOfBooks, currentNumOfBooks) VALUES('ben','bro',9910082088,3140,7,0)
2024-03-14 14:37:36,584 INFO DatabaseManager [main] Registered member correctly
2024-03-14 14:40:02,637 INFO Main [main] Starting
2024-03-14 14:40:09,489 INFO Main [main] Starting
2024-03-14 14:40:21,677 INFO DatabaseManager [main] com.mysql.cj.jdbc.ClientPreparedStatement: INSERT INTO members(first_name, last_name, personal_number, member_id, maxNumOfBooks, currentNumOfBooks) VALUES('ben','bro',1008022073,3156,7,0)
2024-03-14 14:40:21,679 INFO DatabaseManager [main] Registered member correctly
2024-03-14 14:42:05,222 INFO Main [main] Starting
2024-03-14 14:42:07,647 INFO Main [main] Starting
2024-03-14 14:42:31,404 INFO DatabaseManager [main] com.mysql.cj.jdbc.ClientPreparedStatement: INSERT INTO members(first_name, last_name, personal_number, member_id, maxNumOfBooks, currentNumOfBooks) VALUES('bro','bro',9910052059,3932,7,0)
2024-03-14 14:42:31,407 INFO DatabaseManager [main] Registered member correctly
2024-03-14 14:43:08,380 INFO Main [main] Starting
2024-03-14 14:43:27,103 INFO Main [main] Starting
2024-03-14 14:43:28,607 INFO Main [main] Starting
2024-03-14 14:43:52,907 INFO DatabaseManager [main] com.mysql.cj.jdbc.ClientPreparedStatement: INSERT INTO members(first_name, last_name, personal_number, member_id, maxNumOfBooks, currentNumOfBooks) VALUES('bello','pello',9910052033,1192,3,0)
2024-03-14 14:43:52,909 INFO DatabaseManager [main] Registered member correctly

2024-03-14 15:45:38,565 INFO Main [main] Starting
2024-03-14 15:46:32,618 INFO Main [main] Starting
2024-03-14 15:47:17,068 INFO Main [main] Starting
2024-03-14 15:49:01,532 INFO Main [main] Starting
2024-03-14 15:49:16,462 INFO DatabaseManager [main] com.mysql.cj.jdbc.ClientPreparedStatement: INSERT INTO members(first_name, last_name, personal_number, member_id, maxNumOfBooks, currentNumOfBooks) VALUES('be','be',2222220404,3789,7,0)
2024-03-14 15:49:16,464 INFO DatabaseManager [main] be was registered correctly! 
2024-03-14 16:03:38,078 INFO Main [main] Starting
2024-03-14 16:08:03,906 INFO Main [main] Starting
2024-03-14 16:54:14,358 INFO Main [main] Starting
2024-03-14 16:54:15,760 INFO Main [main] Starting
2024-03-14 18:22:34,542 INFO Main [main] Starting
2024-03-14 18:23:59,323 INFO Main [main] Starting
2024-03-14 18:23:59,598 ERROR DatabaseManager [main] Access denied for user 'root'@'localhost' (using password: YES)
2024-03-14 18:25:02,504 INFO Main [main] Starting
2024-03-14 18:25:02,785 ERROR DatabaseManager [main] Access denied for user 'root'@'localhost' (using password: YES) Could not connect to database, check username and password.
2024-03-14 18:26:17,212 INFO Main [main] Starting
2024-03-14 18:26:47,128 INFO Main [main] Starting
2024-03-14 19:48:32,896 INFO Main [main] Starting
2024-03-14 19:48:33,179 ERROR DatabaseManager [main] Access denied for user 'root'@'localhost' (using password: YES) Could not connect to database.null
2024-03-15 06:46:12,922 INFO Main [main] Starting
2024-03-15 06:48:21,735 INFO Main [main] Starting
2024-03-15 06:48:31,122 INFO Main [main] Starting
2024-03-15 06:53:18,419 INFO Main [main] Starting
2024-03-15 07:01:32,089 INFO Main [main] Starting
2024-03-15 07:01:56,727 INFO Main [main] Starting
2024-03-15 07:02:21,807 INFO Main [main] Starting
2024-03-15 07:03:08,310 INFO Main [main] Starting
2024-03-15 07:04:31,651 INFO Main [main] Starting
2024-03-15 07:04:49,704 INFO Main [main] Starting
2024-03-15 07:07:04,291 INFO Main [main] Starting
2024-03-15 07:07:15,747 INFO Main [main] Starting
2024-03-15 07:07:19,109 INFO Main [main] Starting
2024-03-15 07:07:49,083 INFO Main [main] Starting
2024-03-15 07:20:53,026 INFO Main [main] Starting
2024-03-15 07:20:57,780 INFO DatabaseManager [main] Book with title: Book 1 was borrowed successfully by member with memberID: 3140
2024-03-15 07:24:11,174 INFO Main [main] Starting
2024-03-15 07:24:12,289 INFO DatabaseManager [main] com.mysql.cj.jdbc.ClientPreparedStatement: INSERT INTO loans (member_id, isbn, loan_date) VALUES (3140, 123456, '2024-03-15')
2024-03-15 07:24:12,292 INFO DatabaseManager [main] Book with title: Book 1 was borrowed successfully by member with memberID: 3140
2024-03-15 07:24:48,146 INFO Main [main] Starting
2024-03-15 07:24:49,549 INFO Main [main] Starting
2024-03-15 07:24:51,200 INFO DatabaseManager [main] com.mysql.cj.jdbc.ClientPreparedStatement: INSERT INTO loans (member_id, isbn, loan_date) VALUES (3140, 123456, '2024-03-15')
2024-03-15 07:24:51,201 INFO DatabaseManager [main] Book with title: Book 1 was borrowed successfully by member with memberID: 3140
2024-03-15 09:28:58,772 INFO Main [main] Starting
2024-03-15 09:29:14,447 INFO Main [main] Starting
2024-03-15 09:29:59,596 INFO Main [main] Starting
2024-03-15 10:54:29,874 INFO Main [main] Starting
2024-03-15 10:54:32,902 ERROR DatabaseManager [main] Unknown column 'currentNumOfBooks' in 'field list' could not get number of loans for MemberID : 3140
2024-03-15 10:56:02,633 INFO Main [main] Starting
2024-03-15 11:42:02,447 INFO Main [main] Starting
2024-03-15 11:43:49,373 INFO Main [main] Starting
2024-03-15 11:44:18,143 INFO DatabaseManager [main] com.mysql.cj.jdbc.ClientPreparedStatement: INSERT INTO members(first_name, last_name, personal_number, member_id, maxNumOfBooks, currentNumOfBooks) VALUES('pelle','svanslo',1020304040,1870,3,0)
2024-03-15 11:44:18,143 INFO DatabaseManager [main] pelle was registered correctly! 
2024-03-15 11:50:38,551 INFO Main [main] Starting
2024-03-15 11:50:40,019 INFO Main [main] Starting
2024-03-15 12:09:22,596 INFO Main [main] Starting
2024-03-15 12:13:02,264 INFO Main [main] Starting
2024-03-15 12:15:28,672 INFO Main [main] Starting
2024-03-15 12:15:31,502 ERROR DatabaseManager [main] Unknown column 'current_num_books' in 'field list' could not get number of loans for MemberID : 3140
2024-03-15 12:19:03,477 ERROR DatabaseManager [main] Member was not added properly!. Member id=3761, ExMsg=[Ljava.lang.StackTraceElement;@607fbe09
2024-03-15 12:19:03,479 ERROR DatabaseManager [main] Member was not added properly!. Member id=3761, ExMsg=[Ljava.lang.StackTraceElement;@60a2630a
2024-03-15 12:20:16,919 INFO Main [main] Starting
2024-03-15 12:20:28,998 INFO DatabaseManager [main] com.mysql.cj.jdbc.ClientPreparedStatement: INSERT INTO members(first_name, last_name, personal_number, member_id, max_num_books, current_num_books) VALUES('be','bro',9910082073,3893,7,0)
2024-03-15 12:20:28,998 INFO DatabaseManager [main] be was registered correctly! 
2024-03-15 12:23:34,653 INFO Main [main] Starting
2024-03-15 12:23:36,127 INFO Main [main] Starting
2024-03-15 12:30:26,681 INFO Main [main] Starting
2024-03-15 12:30:28,094 INFO Main [main] Starting
2024-03-15 12:30:35,975 INFO DatabaseManager [main] com.mysql.cj.jdbc.ClientPreparedStatement: INSERT INTO members(first_name, last_name, personal_number, member_id, max_num_books, current_num_books) VALUES('ben','bro',9910082073,3119,7,0)
2024-03-15 12:30:35,975 INFO DatabaseManager [main] ben was registered correctly! 
2024-03-15 12:42:46,468 INFO Main [main] Starting
2024-03-15 12:42:47,866 INFO Main [main] Starting
2024-03-15 12:45:14,818 INFO Main [main] Starting
2024-03-15 12:45:16,242 INFO Main [main] Starting
2024-03-15 12:45:26,852 ERROR DatabaseManager [main] You have an error in your SQL syntax; check the manual that corresponds to your MySQL server version for the right syntax to use near '+ 1 WHERE member_id = 3119' at line 1member with memberID: 3119 was not suspended properly.
2024-03-15 12:54:19,681 INFO Main [main] Starting
2024-03-15 12:54:21,056 INFO Main [main] Starting
2024-03-15 12:57:41,900 INFO Main [main] Starting
2024-03-15 12:57:43,296 INFO Main [main] Starting
2024-03-15 12:57:46,779 ERROR DatabaseManager [main] No value specified for parameter 2member with memberID: 3119 was not suspended properly.
2024-03-15 13:00:43,722 INFO Main [main] Starting
2024-03-15 13:28:59,138 INFO Main [main] Starting
2024-03-15 13:29:02,493 INFO Main [main] Starting
2024-03-15 13:30:58,737 INFO Main [main] Starting
2024-03-15 13:31:00,918 INFO Main [main] Starting
2024-03-15 13:31:39,275 INFO Main [main] Starting
2024-03-15 13:35:04,652 INFO Main [main] Starting
2024-03-15 13:39:42,444 INFO Main [main] Starting
2024-03-15 13:39:52,173 INFO DatabaseManager [main] com.mysql.cj.jdbc.ClientPreparedStatement: INSERT INTO members(first_name, last_name, personal_number, member_id, max_num_books, current_num_books) VALUES('benjamin','brorsson',9910082073,3213,7,0)
2024-03-15 13:39:52,173 INFO DatabaseManager [main] benjamin was registered correctly! 
2024-03-15 13:42:24,132 INFO DatabaseManager [main] com.mysql.cj.jdbc.ClientPreparedStatement: INSERT INTO members(first_name, last_name, personal_number, member_id, max_num_books, current_num_books) VALUES('BENJAMIN','BRORSSON',9910082073,3659,7,0)
2024-03-15 13:42:24,133 INFO DatabaseManager [main] BENJAMIN was registered correctly! 
2024-03-15 13:43:15,119 INFO Main [main] Starting
2024-03-15 13:43:48,711 INFO Main [main] Starting
2024-03-15 14:43:04,361 INFO Main [main] Starting
2024-03-15 14:49:00,738 INFO Main [main] Starting
2024-03-15 14:49:02,706 INFO Main [main] Starting
2024-03-15 14:53:25,068 INFO Main [main] Starting
2024-03-15 14:54:24,397 INFO Main [main] Starting
2024-03-15 14:55:52,289 INFO Main [main] Starting
2024-03-15 14:56:17,841 INFO Main [main] Starting
2024-03-15 14:56:37,591 INFO Main [main] Starting
2024-03-15 15:02:28,933 INFO Main [main] Starting
2024-03-15 15:02:30,751 INFO Main [main] Starting
2024-03-15 15:02:42,031 INFO DatabaseManager [main] com.mysql.cj.jdbc.ClientPreparedStatement: INSERT INTO members(first_name, last_name, personal_number, member_id, max_num_books, current_num_books) VALUES('Benjamin','Brorsson',9910082083,3153,7,0)
2024-03-15 15:02:42,032 INFO DatabaseManager [main] Benjamin was registered correctly! 
2024-03-15 15:09:57,105 INFO Main [main] Starting
2024-03-15 15:10:07,599 INFO DatabaseManager [main] com.mysql.cj.jdbc.ClientPreparedStatement: INSERT INTO members(first_name, last_name, personal_number, member_id, max_num_books, current_num_books) VALUES('benjamin','bror',9910102020,3653,7,0)
2024-03-15 15:10:07,600 INFO DatabaseManager [main] benjamin was registered correctly! 
2024-03-15 15:13:20,070 INFO Main [main] Starting
2024-03-15 15:16:02,519 INFO Main [main] Starting
2024-03-15 15:16:29,354 INFO Main [main] Starting
2024-03-15 15:16:50,216 INFO Main [main] Starting
2024-03-15 15:17:41,316 INFO Main [main] Starting
2024-03-15 15:20:09,805 INFO Main [main] Starting
2024-03-15 15:30:28,290 INFO DatabaseManager [main] com.mysql.cj.jdbc.ClientPreparedStatement: INSERT INTO members(first_name, last_name, personal_number, member_id, max_num_books, current_num_books) VALUES('Test','Testsson',1999,321,7,0)
2024-03-15 15:30:28,296 INFO DatabaseManager [main] Test was registered correctly! 
2024-03-15 15:32:15,449 INFO DatabaseManager [main] com.mysql.cj.jdbc.ClientPreparedStatement: INSERT INTO members(first_name, last_name, personal_number, member_id, max_num_books, current_num_books) VALUES('Test','Testsson',1999,321,7,0)
2024-03-15 15:32:15,453 INFO DatabaseManager [main] Test was registered correctly! 
2024-03-15 15:32:21,847 INFO DatabaseManager [main] com.mysql.cj.jdbc.ClientPreparedStatement: INSERT INTO members(first_name, last_name, personal_number, member_id, max_num_books, current_num_books) VALUES('Test','Testsson,',2000,123,3,0)
2024-03-15 15:32:21,850 INFO DatabaseManager [main] Test was registered correctly! 
